<?xml version="1.0" encoding="UTF-8"?>
<testsuite name="BuildPipelineTest" tests="1" skipped="0" failures="0" errors="0" timestamp="2023-02-26T20:15:28" hostname="alan-Dell-G15-5511" time="0.767">
  <properties/>
  <testcase name="test()" classname="BuildPipelineTest" time="0.767"/>
  <system-out><![CDATA[Loading shared library senado-build-library-gradle with version main
   Jenkinsfile.run()
      Jenkinsfile.buildPipeline()
         buildPipeline.pipeline(groovy.lang.Closure)
            buildPipeline.options(groovy.lang.Closure)
               buildPipeline.timeout({time=3, unit=HOURS})
               buildPipeline.logRotator({numToKeepStr=5, artifactNumToKeepStr=5})
               buildPipeline.buildDiscarder(null)
               buildPipeline.timestamps()
            buildPipeline.agent(groovy.lang.Closure)
            buildPipeline.stages(groovy.lang.Closure)
               buildPipeline.stage(Build Test Analyze Package, groovy.lang.Closure)
                  buildPipeline.agent(groovy.lang.Closure)
                  buildPipeline.steps(groovy.lang.Closure)
                     buildPipeline.readMavenPom({file=pom.xml})
]]></system-out>
  <system-err><![CDATA[]]></system-err>
</testsuite>
